app/build/intermediates/manifest_merge_blame_file/debug/manifest-merger-blame-debug-report.txt
1<?xml version="1.0" encoding="utf-8"?>
2<manifest xmlns:android="http://schemas.android.com/apk/res/android"
3    package="com.example.mapbox"
4    android:versionCode="1"
5    android:versionName="1.0" >
6
7    <uses-sdk
8        android:minSdkVersion="24"
9        android:targetSdkVersion="33" />
10
11    <uses-permission android:name="android.permission.ACCESS_FINE_LOCATION" />
11-->src\main\AndroidManifest.xml:6:5-78
11-->src\main\AndroidManifest.xml:6:22-76
12    <uses-permission android:name="android.permission.ACCESS_COARSE_LOCATION" />
12-->src\main\AndroidManifest.xml:7:5-80
12-->src\main\AndroidManifest.xml:7:22-78
13    <uses-permission android:name="android.permission.INTERNET" />
13-->[com.mapbox.search:mapbox-search-android:1.0.0-rc.6] AndroidManifest.xml:10:5-67
13-->[com.mapbox.search:mapbox-search-android:1.0.0-rc.6] AndroidManifest.xml:10:22-64
14    <uses-permission android:name="android.permission.FOREGROUND_SERVICE" />
14-->[com.mapbox.navigation:core:2.17.1] AndroidManifest.xml:12:5-77
14-->[com.mapbox.navigation:core:2.17.1] AndroidManifest.xml:12:22-74
15    <uses-permission android:name="android.permission.FOREGROUND_SERVICE_LOCATION" />
15-->[com.mapbox.navigation:core:2.17.1] AndroidManifest.xml:13:5-86
15-->[com.mapbox.navigation:core:2.17.1] AndroidManifest.xml:13:22-83
16    <uses-permission android:name="android.permission.POST_NOTIFICATIONS" />
16-->[com.mapbox.navigation:core:2.17.1] AndroidManifest.xml:14:5-77
16-->[com.mapbox.navigation:core:2.17.1] AndroidManifest.xml:14:22-74
17    <uses-permission android:name="android.permission.ACCESS_NETWORK_STATE" />
17-->[com.mapbox.navigation:core:2.17.1] AndroidManifest.xml:16:5-79
17-->[com.mapbox.navigation:core:2.17.1] AndroidManifest.xml:16:22-76
18    <uses-permission android:name="android.permission.CHANGE_NETWORK_STATE" />
18-->[com.mapbox.navigator:mapbox-navigation-native:160.0.1] AndroidManifest.xml:10:5-79
18-->[com.mapbox.navigator:mapbox-navigation-native:160.0.1] AndroidManifest.xml:10:22-76
19
20    <uses-feature
20-->[com.mapbox.maps:android-core:10.16.1] AndroidManifest.xml:10:5-12:35
21        android:glEsVersion="0x00020000"
21-->[com.mapbox.maps:android-core:10.16.1] AndroidManifest.xml:11:9-41
22        android:required="true" />
22-->[com.mapbox.maps:android-core:10.16.1] AndroidManifest.xml:12:9-32
23    <uses-feature
23-->[com.mapbox.maps:android-core:10.16.1] AndroidManifest.xml:13:5-15:36
24        android:name="android.hardware.wifi"
24-->[com.mapbox.maps:android-core:10.16.1] AndroidManifest.xml:14:9-45
25        android:required="false" />
25-->[com.mapbox.maps:android-core:10.16.1] AndroidManifest.xml:15:9-33
26
27    <uses-permission android:name="android.permission.ACCESS_WIFI_STATE" />
27-->[com.mapbox.maps:android-core:10.16.1] AndroidManifest.xml:19:5-76
27-->[com.mapbox.maps:android-core:10.16.1] AndroidManifest.xml:19:22-73
28    <uses-permission android:name="android.permission.WAKE_LOCK" />
28-->[androidx.work:work-runtime:2.7.1] AndroidManifest.xml:25:5-68
28-->[androidx.work:work-runtime:2.7.1] AndroidManifest.xml:25:22-65
29    <uses-permission android:name="android.permission.RECEIVE_BOOT_COMPLETED" />
29-->[androidx.work:work-runtime:2.7.1] AndroidManifest.xml:27:5-81
29-->[androidx.work:work-runtime:2.7.1] AndroidManifest.xml:27:22-78
30
31    <permission
31-->[androidx.core:core:1.9.0] AndroidManifest.xml:22:5-24:47
32        android:name="com.example.mapbox.DYNAMIC_RECEIVER_NOT_EXPORTED_PERMISSION"
32-->[androidx.core:core:1.9.0] AndroidManifest.xml:23:9-81
33        android:protectionLevel="signature" />
33-->[androidx.core:core:1.9.0] AndroidManifest.xml:24:9-44
34
35    <uses-permission android:name="com.example.mapbox.DYNAMIC_RECEIVER_NOT_EXPORTED_PERMISSION" />
35-->[androidx.core:core:1.9.0] AndroidManifest.xml:26:5-97
35-->[androidx.core:core:1.9.0] AndroidManifest.xml:26:22-94
36
37    <application
37-->src\main\AndroidManifest.xml:9:5-47:19
38        android:allowBackup="true"
38-->src\main\AndroidManifest.xml:10:9-35
39        android:appComponentFactory="androidx.core.app.CoreComponentFactory"
39-->[androidx.core:core:1.9.0] AndroidManifest.xml:28:18-86
40        android:dataExtractionRules="@xml/data_extraction_rules"
40-->src\main\AndroidManifest.xml:11:9-65
41        android:debuggable="true"
42        android:extractNativeLibs="false"
43        android:fullBackupContent="@xml/backup_rules"
43-->src\main\AndroidManifest.xml:12:9-54
44        android:icon="@mipmap/ic_launcher"
44-->src\main\AndroidManifest.xml:13:9-43
45        android:label="@string/app_name"
45-->src\main\AndroidManifest.xml:14:9-41
46        android:roundIcon="@mipmap/ic_launcher_round"
46-->src\main\AndroidManifest.xml:15:9-54
47        android:supportsRtl="true"
47-->src\main\AndroidManifest.xml:16:9-35
48        android:testOnly="true"
49        android:theme="@style/Theme.Mapbox" >
49-->src\main\AndroidManifest.xml:17:9-44
50        <activity
50-->src\main\AndroidManifest.xml:20:9-27:20
51            android:name="com.example.mapbox.MainActivity"
51-->src\main\AndroidManifest.xml:21:13-41
52            android:exported="true" >
52-->src\main\AndroidManifest.xml:22:13-36
53            <intent-filter>
53-->src\main\AndroidManifest.xml:23:13-26:29
54                <action android:name="android.intent.action.MAIN" />
54-->src\main\AndroidManifest.xml:24:17-69
54-->src\main\AndroidManifest.xml:24:25-66
55
56                <category android:name="android.intent.category.LAUNCHER" />
56-->src\main\AndroidManifest.xml:25:17-77
56-->src\main\AndroidManifest.xml:25:27-74
57            </intent-filter>
58        </activity>
59        <activity
59-->src\main\AndroidManifest.xml:29:9-36:20
60            android:name="com.example.mapbox.UserProfileActivity"
60-->src\main\AndroidManifest.xml:30:13-48
61            android:exported="false"
61-->src\main\AndroidManifest.xml:34:13-37
62            android:label="User Profile"
62-->src\main\AndroidManifest.xml:31:13-41
63            android:screenOrientation="portrait"
63-->src\main\AndroidManifest.xml:33:13-49
64            android:theme="@style/Theme.Mapbox" >
64-->src\main\AndroidManifest.xml:32:13-48
65
66            <!-- додаткові атрибути, якщо є -->
67        </activity>
68        <activity
68-->src\main\AndroidManifest.xml:38:9-45:20
69            android:name="com.example.mapbox.EditProfileActivity"
69-->src\main\AndroidManifest.xml:39:13-48
70            android:exported="false"
70-->src\main\AndroidManifest.xml:43:13-37
71            android:label="Edit Profile"
71-->src\main\AndroidManifest.xml:40:13-41
72            android:screenOrientation="portrait"
72-->src\main\AndroidManifest.xml:42:13-49
73            android:theme="@style/Theme.Mapbox" >
73-->src\main\AndroidManifest.xml:41:13-48
74
75            <!-- додаткові атрибути, якщо є -->
76        </activity>
77
78        <provider
78-->[com.mapbox.search:mapbox-search-android:1.0.0-rc.6] AndroidManifest.xml:13:9-21:20
79            android:name="androidx.startup.InitializationProvider"
79-->[com.mapbox.search:mapbox-search-android:1.0.0-rc.6] AndroidManifest.xml:14:13-67
80            android:authorities="com.example.mapbox.androidx-startup"
80-->[com.mapbox.search:mapbox-search-android:1.0.0-rc.6] AndroidManifest.xml:15:13-68
81            android:exported="false" >
81-->[com.mapbox.search:mapbox-search-android:1.0.0-rc.6] AndroidManifest.xml:16:13-37
82            <meta-data
82-->[com.mapbox.search:mapbox-search-android:1.0.0-rc.6] AndroidManifest.xml:18:13-20:52
83                android:name="com.mapbox.search.MapboxSearchSdkInitializer"
83-->[com.mapbox.search:mapbox-search-android:1.0.0-rc.6] AndroidManifest.xml:19:17-76
84                android:value="androidx.startup" />
84-->[com.mapbox.search:mapbox-search-android:1.0.0-rc.6] AndroidManifest.xml:20:17-49
85            <meta-data
85-->[com.mapbox.search:base:1.0.0-rc.6] AndroidManifest.xml:18:13-20:52
86                android:name="com.mapbox.search.base.BaseSearchSdkInitializer"
86-->[com.mapbox.search:base:1.0.0-rc.6] AndroidManifest.xml:19:17-79
87                android:value="androidx.startup" />
87-->[com.mapbox.search:base:1.0.0-rc.6] AndroidManifest.xml:20:17-49
88            <meta-data
88-->[com.mapbox.navigation:core:2.17.1] AndroidManifest.xml:24:13-26:52
89                android:name="com.mapbox.navigation.core.internal.MapboxNavigationSDKInitializer"
89-->[com.mapbox.navigation:core:2.17.1] AndroidManifest.xml:25:17-98
90                android:value="androidx.startup" />
90-->[com.mapbox.navigation:core:2.17.1] AndroidManifest.xml:26:17-49
91            <meta-data
91-->[androidx.emoji2:emoji2:1.2.0] AndroidManifest.xml:29:13-31:52
92                android:name="androidx.emoji2.text.EmojiCompatInitializer"
92-->[androidx.emoji2:emoji2:1.2.0] AndroidManifest.xml:30:17-75
93                android:value="androidx.startup" /> <!-- This entry makes MapboxNavigationNativeInitializer discoverable. -->
93-->[androidx.emoji2:emoji2:1.2.0] AndroidManifest.xml:31:17-49
94            <meta-data
94-->[com.mapbox.navigator:mapbox-navigation-native:160.0.1] AndroidManifest.xml:20:13-22:52
95                android:name="com.mapbox.navigator.MapboxNavigationNativeInitializer"
95-->[com.mapbox.navigator:mapbox-navigation-native:160.0.1] AndroidManifest.xml:21:17-86
96                android:value="androidx.startup" />
96-->[com.mapbox.navigator:mapbox-navigation-native:160.0.1] AndroidManifest.xml:22:17-49
97            <meta-data
97-->[com.mapbox.maps:android-core:10.16.1] AndroidManifest.xml:27:13-29:52
98                android:name="com.mapbox.maps.loader.MapboxMapsInitializer"
98-->[com.mapbox.maps:android-core:10.16.1] AndroidManifest.xml:28:17-76
99                android:value="androidx.startup" /> <!-- This entry makes MapboxSDKCommonInitializer discoverable. -->
99-->[com.mapbox.maps:android-core:10.16.1] AndroidManifest.xml:29:17-49
100            <meta-data
100-->[com.mapbox.common:common:23.8.3] AndroidManifest.xml:21:13-23:52
101                android:name="com.mapbox.common.MapboxSDKCommonInitializer"
101-->[com.mapbox.common:common:23.8.3] AndroidManifest.xml:22:17-76
102                android:value="androidx.startup" />
102-->[com.mapbox.common:common:23.8.3] AndroidManifest.xml:23:17-49
103            <meta-data
103-->[androidx.work:work-runtime:2.7.1] AndroidManifest.xml:36:13-38:52
104                android:name="androidx.work.WorkManagerInitializer"
104-->[androidx.work:work-runtime:2.7.1] AndroidManifest.xml:37:17-68
105                android:value="androidx.startup" />
105-->[androidx.work:work-runtime:2.7.1] AndroidManifest.xml:38:17-49
106            <meta-data
106-->[androidx.lifecycle:lifecycle-process:2.4.1] AndroidManifest.xml:31:13-33:52
107                android:name="androidx.lifecycle.ProcessLifecycleInitializer"
107-->[androidx.lifecycle:lifecycle-process:2.4.1] AndroidManifest.xml:32:17-78
108                android:value="androidx.startup" />
108-->[androidx.lifecycle:lifecycle-process:2.4.1] AndroidManifest.xml:33:17-49
109        </provider>
110
111        <service
111-->[com.mapbox.navigation:core:2.17.1] AndroidManifest.xml:29:9-31:56
112            android:name="com.mapbox.navigation.core.trip.service.NavigationNotificationService"
112-->[com.mapbox.navigation:core:2.17.1] AndroidManifest.xml:30:13-97
113            android:foregroundServiceType="location" />
113-->[com.mapbox.navigation:core:2.17.1] AndroidManifest.xml:31:13-53
114
115        <receiver
115-->[com.mapbox.common:common:23.8.3] AndroidManifest.xml:26:9-33:20
116            android:name="com.mapbox.common.location.LocationUpdatesReceiver"
116-->[com.mapbox.common:common:23.8.3] AndroidManifest.xml:27:13-78
117            android:enabled="true"
117-->[com.mapbox.common:common:23.8.3] AndroidManifest.xml:28:13-35
118            android:exported="false" >
118-->[com.mapbox.common:common:23.8.3] AndroidManifest.xml:29:13-37
119            <intent-filter>
119-->[com.mapbox.common:common:23.8.3] AndroidManifest.xml:30:13-32:29
120                <action android:name="com.mapbox.common.location.LocationUpdatesReceiver.ACTION_PROCESS_LOCATION_UPDATES" />
120-->[com.mapbox.common:common:23.8.3] AndroidManifest.xml:31:17-125
120-->[com.mapbox.common:common:23.8.3] AndroidManifest.xml:31:25-122
121            </intent-filter>
122        </receiver>
123
124        <service
124-->[com.mapbox.common:common:23.8.3] AndroidManifest.xml:35:9-37:40
125            android:name="com.mapbox.common.LifecycleService"
125-->[com.mapbox.common:common:23.8.3] AndroidManifest.xml:36:13-62
126            android:exported="false" />
126-->[com.mapbox.common:common:23.8.3] AndroidManifest.xml:37:13-37
127        <service
127-->[androidx.work:work-runtime:2.7.1] AndroidManifest.xml:41:9-46:35
128            android:name="androidx.work.impl.background.systemalarm.SystemAlarmService"
128-->[androidx.work:work-runtime:2.7.1] AndroidManifest.xml:42:13-88
129            android:directBootAware="false"
129-->[androidx.work:work-runtime:2.7.1] AndroidManifest.xml:43:13-44
130            android:enabled="@bool/enable_system_alarm_service_default"
130-->[androidx.work:work-runtime:2.7.1] AndroidManifest.xml:44:13-72
131            android:exported="false" />
131-->[androidx.work:work-runtime:2.7.1] AndroidManifest.xml:45:13-37
132        <service
132-->[androidx.work:work-runtime:2.7.1] AndroidManifest.xml:47:9-53:35
133            android:name="androidx.work.impl.background.systemjob.SystemJobService"
133-->[androidx.work:work-runtime:2.7.1] AndroidManifest.xml:48:13-84
134            android:directBootAware="false"
134-->[androidx.work:work-runtime:2.7.1] AndroidManifest.xml:49:13-44
135            android:enabled="@bool/enable_system_job_service_default"
135-->[androidx.work:work-runtime:2.7.1] AndroidManifest.xml:50:13-70
136            android:exported="true"
136-->[androidx.work:work-runtime:2.7.1] AndroidManifest.xml:51:13-36
137            android:permission="android.permission.BIND_JOB_SERVICE" />
137-->[androidx.work:work-runtime:2.7.1] AndroidManifest.xml:52:13-69
138        <service
138-->[androidx.work:work-runtime:2.7.1] AndroidManifest.xml:54:9-59:35
139            android:name="androidx.work.impl.foreground.SystemForegroundService"
139-->[androidx.work:work-runtime:2.7.1] AndroidManifest.xml:55:13-81
140            android:directBootAware="false"
140-->[androidx.work:work-runtime:2.7.1] AndroidManifest.xml:56:13-44
141            android:enabled="@bool/enable_system_foreground_service_default"
141-->[androidx.work:work-runtime:2.7.1] AndroidManifest.xml:57:13-77
142            android:exported="false" />
142-->[androidx.work:work-runtime:2.7.1] AndroidManifest.xml:58:13-37
143
144        <receiver
144-->[androidx.work:work-runtime:2.7.1] AndroidManifest.xml:61:9-66:35
145            android:name="androidx.work.impl.utils.ForceStopRunnable$BroadcastReceiver"
145-->[androidx.work:work-runtime:2.7.1] AndroidManifest.xml:62:13-88
146            android:directBootAware="false"
146-->[androidx.work:work-runtime:2.7.1] AndroidManifest.xml:63:13-44
147            android:enabled="true"
147-->[androidx.work:work-runtime:2.7.1] AndroidManifest.xml:64:13-35
148            android:exported="false" />
148-->[androidx.work:work-runtime:2.7.1] AndroidManifest.xml:65:13-37
149        <receiver
149-->[androidx.work:work-runtime:2.7.1] AndroidManifest.xml:67:9-77:20
150            android:name="androidx.work.impl.background.systemalarm.ConstraintProxy$BatteryChargingProxy"
150-->[androidx.work:work-runtime:2.7.1] AndroidManifest.xml:68:13-106
151            android:directBootAware="false"
151-->[androidx.work:work-runtime:2.7.1] AndroidManifest.xml:69:13-44
152            android:enabled="false"
152-->[androidx.work:work-runtime:2.7.1] AndroidManifest.xml:70:13-36
153            android:exported="false" >
153-->[androidx.work:work-runtime:2.7.1] AndroidManifest.xml:71:13-37
154            <intent-filter>
154-->[androidx.work:work-runtime:2.7.1] AndroidManifest.xml:73:13-76:29
155                <action android:name="android.intent.action.ACTION_POWER_CONNECTED" />
155-->[androidx.work:work-runtime:2.7.1] AndroidManifest.xml:74:17-87
155-->[androidx.work:work-runtime:2.7.1] AndroidManifest.xml:74:25-84
156                <action android:name="android.intent.action.ACTION_POWER_DISCONNECTED" />
156-->[androidx.work:work-runtime:2.7.1] AndroidManifest.xml:75:17-90
156-->[androidx.work:work-runtime:2.7.1] AndroidManifest.xml:75:25-87
157            </intent-filter>
158        </receiver>
159        <receiver
159-->[androidx.work:work-runtime:2.7.1] AndroidManifest.xml:78:9-88:20
160            android:name="androidx.work.impl.background.systemalarm.ConstraintProxy$BatteryNotLowProxy"
160-->[androidx.work:work-runtime:2.7.1] AndroidManifest.xml:79:13-104
161            android:directBootAware="false"
161-->[androidx.work:work-runtime:2.7.1] AndroidManifest.xml:80:13-44
162            android:enabled="false"
162-->[androidx.work:work-runtime:2.7.1] AndroidManifest.xml:81:13-36
163            android:exported="false" >
163-->[androidx.work:work-runtime:2.7.1] AndroidManifest.xml:82:13-37
164            <intent-filter>
164-->[androidx.work:work-runtime:2.7.1] AndroidManifest.xml:84:13-87:29
165                <action android:name="android.intent.action.BATTERY_OKAY" />
165-->[androidx.work:work-runtime:2.7.1] AndroidManifest.xml:85:17-77
165-->[androidx.work:work-runtime:2.7.1] AndroidManifest.xml:85:25-74
166                <action android:name="android.intent.action.BATTERY_LOW" />
166-->[androidx.work:work-runtime:2.7.1] AndroidManifest.xml:86:17-76
166-->[androidx.work:work-runtime:2.7.1] AndroidManifest.xml:86:25-73
167            </intent-filter>
168        </receiver>
169        <receiver
169-->[androidx.work:work-runtime:2.7.1] AndroidManifest.xml:89:9-99:20
170            android:name="androidx.work.impl.background.systemalarm.ConstraintProxy$StorageNotLowProxy"
170-->[androidx.work:work-runtime:2.7.1] AndroidManifest.xml:90:13-104
171            android:directBootAware="false"
171-->[androidx.work:work-runtime:2.7.1] AndroidManifest.xml:91:13-44
172            android:enabled="false"
172-->[androidx.work:work-runtime:2.7.1] AndroidManifest.xml:92:13-36
173            android:exported="false" >
173-->[androidx.work:work-runtime:2.7.1] AndroidManifest.xml:93:13-37
174            <intent-filter>
174-->[androidx.work:work-runtime:2.7.1] AndroidManifest.xml:95:13-98:29
175                <action android:name="android.intent.action.DEVICE_STORAGE_LOW" />
175-->[androidx.work:work-runtime:2.7.1] AndroidManifest.xml:96:17-83
175-->[androidx.work:work-runtime:2.7.1] AndroidManifest.xml:96:25-80
176                <action android:name="android.intent.action.DEVICE_STORAGE_OK" />
176-->[androidx.work:work-runtime:2.7.1] AndroidManifest.xml:97:17-82
176-->[androidx.work:work-runtime:2.7.1] AndroidManifest.xml:97:25-79
177            </intent-filter>
178        </receiver>
179        <receiver
179-->[androidx.work:work-runtime:2.7.1] AndroidManifest.xml:100:9-109:20
180            android:name="androidx.work.impl.background.systemalarm.ConstraintProxy$NetworkStateProxy"
180-->[androidx.work:work-runtime:2.7.1] AndroidManifest.xml:101:13-103
181            android:directBootAware="false"
181-->[androidx.work:work-runtime:2.7.1] AndroidManifest.xml:102:13-44
182            android:enabled="false"
182-->[androidx.work:work-runtime:2.7.1] AndroidManifest.xml:103:13-36
183            android:exported="false" >
183-->[androidx.work:work-runtime:2.7.1] AndroidManifest.xml:104:13-37
184            <intent-filter>
184-->[androidx.work:work-runtime:2.7.1] AndroidManifest.xml:106:13-108:29
185                <action android:name="android.net.conn.CONNECTIVITY_CHANGE" />
185-->[androidx.work:work-runtime:2.7.1] AndroidManifest.xml:107:17-79
185-->[androidx.work:work-runtime:2.7.1] AndroidManifest.xml:107:25-76
186            </intent-filter>
187        </receiver>
188        <receiver
188-->[androidx.work:work-runtime:2.7.1] AndroidManifest.xml:110:9-121:20
189            android:name="androidx.work.impl.background.systemalarm.RescheduleReceiver"
189-->[androidx.work:work-runtime:2.7.1] AndroidManifest.xml:111:13-88
190            android:directBootAware="false"
190-->[androidx.work:work-runtime:2.7.1] AndroidManifest.xml:112:13-44
191            android:enabled="false"
191-->[androidx.work:work-runtime:2.7.1] AndroidManifest.xml:113:13-36
192            android:exported="false" >
192-->[androidx.work:work-runtime:2.7.1] AndroidManifest.xml:114:13-37
193            <intent-filter>
193-->[androidx.work:work-runtime:2.7.1] AndroidManifest.xml:116:13-120:29
194                <action android:name="android.intent.action.BOOT_COMPLETED" />
194-->[androidx.work:work-runtime:2.7.1] AndroidManifest.xml:117:17-79
194-->[androidx.work:work-runtime:2.7.1] AndroidManifest.xml:117:25-76
195                <action android:name="android.intent.action.TIME_SET" />
195-->[androidx.work:work-runtime:2.7.1] AndroidManifest.xml:118:17-73
195-->[androidx.work:work-runtime:2.7.1] AndroidManifest.xml:118:25-70
196                <action android:name="android.intent.action.TIMEZONE_CHANGED" />
196-->[androidx.work:work-runtime:2.7.1] AndroidManifest.xml:119:17-81
196-->[androidx.work:work-runtime:2.7.1] AndroidManifest.xml:119:25-78
197            </intent-filter>
198        </receiver>
199        <receiver
199-->[androidx.work:work-runtime:2.7.1] AndroidManifest.xml:122:9-131:20
200            android:name="androidx.work.impl.background.systemalarm.ConstraintProxyUpdateReceiver"
200-->[androidx.work:work-runtime:2.7.1] AndroidManifest.xml:123:13-99
201            android:directBootAware="false"
201-->[androidx.work:work-runtime:2.7.1] AndroidManifest.xml:124:13-44
202            android:enabled="@bool/enable_system_alarm_service_default"
202-->[androidx.work:work-runtime:2.7.1] AndroidManifest.xml:125:13-72
203            android:exported="false" >
203-->[androidx.work:work-runtime:2.7.1] AndroidManifest.xml:126:13-37
204            <intent-filter>
204-->[androidx.work:work-runtime:2.7.1] AndroidManifest.xml:128:13-130:29
205                <action android:name="androidx.work.impl.background.systemalarm.UpdateProxies" />
205-->[androidx.work:work-runtime:2.7.1] AndroidManifest.xml:129:17-98
205-->[androidx.work:work-runtime:2.7.1] AndroidManifest.xml:129:25-95
206            </intent-filter>
207        </receiver>
208        <receiver
208-->[androidx.work:work-runtime:2.7.1] AndroidManifest.xml:132:9-142:20
209            android:name="androidx.work.impl.diagnostics.DiagnosticsReceiver"
209-->[androidx.work:work-runtime:2.7.1] AndroidManifest.xml:133:13-78
210            android:directBootAware="false"
210-->[androidx.work:work-runtime:2.7.1] AndroidManifest.xml:134:13-44
211            android:enabled="true"
211-->[androidx.work:work-runtime:2.7.1] AndroidManifest.xml:135:13-35
212            android:exported="true"
212-->[androidx.work:work-runtime:2.7.1] AndroidManifest.xml:136:13-36
213            android:permission="android.permission.DUMP" >
213-->[androidx.work:work-runtime:2.7.1] AndroidManifest.xml:137:13-57
214            <intent-filter>
214-->[androidx.work:work-runtime:2.7.1] AndroidManifest.xml:139:13-141:29
215                <action android:name="androidx.work.diagnostics.REQUEST_DIAGNOSTICS" />
215-->[androidx.work:work-runtime:2.7.1] AndroidManifest.xml:140:17-88
215-->[androidx.work:work-runtime:2.7.1] AndroidManifest.xml:140:25-85
216            </intent-filter>
217        </receiver>
218
219        <service
219-->[androidx.room:room-runtime:2.2.5] AndroidManifest.xml:25:9-28:40
220            android:name="androidx.room.MultiInstanceInvalidationService"
220-->[androidx.room:room-runtime:2.2.5] AndroidManifest.xml:26:13-74
221            android:directBootAware="true"
221-->[androidx.room:room-runtime:2.2.5] AndroidManifest.xml:27:13-43
222            android:exported="false" />
222-->[androidx.room:room-runtime:2.2.5] AndroidManifest.xml:28:13-37
223    </application>
224
225</manifest>